monitorCar/build/outputs/logs/manifest-merger-debug-report.txt
-- Merging decision tree log ---
manifest
ADDED from src/main/AndroidManifest.xml:2:1-75:12
	xmlns:android
		ADDED from src/main/AndroidManifest.xml:2:11-69
	package
		ADDED from src/main/AndroidManifest.xml:3:5-37
		INJECTED from src/main/AndroidManifest.xml
		INJECTED from src/main/AndroidManifest.xml
	android:versionName
		ADDED from src/main/AndroidManifest.xml:5:5-30
	android:versionCode
		ADDED from src/main/AndroidManifest.xml:4:5-28
		INJECTED from src/main/AndroidManifest.xml
		INJECTED from src/main/AndroidManifest.xml
uses-sdk
ADDED from src/main/AndroidManifest.xml:7:5-9:41
MERGED from [MonitorCar:library_datetime:unspecified] AndroidManifest.xml:7:5-43
MERGED from [MonitorCar:datetimepickerlibrary:unspecified] AndroidManifest.xml:7:5-9:41
MERGED from [MonitorCar:library_datetime:unspecified] AndroidManifest.xml:7:5-43
MERGED from [com.android.support:appcompat-v7:19.1.0] AndroidManifest.xml:18:5-42
	android:targetSdkVersion
		ADDED from src/main/AndroidManifest.xml:9:9-38
		INJECTED from src/main/AndroidManifest.xml
		INJECTED from src/main/AndroidManifest.xml
	android:minSdkVersion
		ADDED from src/main/AndroidManifest.xml:8:9-35
		INJECTED from src/main/AndroidManifest.xml
		INJECTED from src/main/AndroidManifest.xml
uses-permission#android.permission.VIBRATE
ADDED from src/main/AndroidManifest.xml:11:5-66
	android:name
		ADDED from src/main/AndroidManifest.xml:11:22-63
uses-permission#android.permission.CHANGE_NETWORK_STATE
ADDED from src/main/AndroidManifest.xml:12:5-79
	android:name
		ADDED from src/main/AndroidManifest.xml:12:22-76
uses-permission#android.permission.CHANGE_WIFI_STATE
ADDED from src/main/AndroidManifest.xml:13:5-76
	android:name
		ADDED from src/main/AndroidManifest.xml:13:22-73
uses-permission#android.permission.ACCESS_NETWORK_STATE
ADDED from src/main/AndroidManifest.xml:14:5-79
	android:name
		ADDED from src/main/AndroidManifest.xml:14:22-76
uses-permission#android.permission.ACCESS_WIFI_STATE
ADDED from src/main/AndroidManifest.xml:15:5-76
	android:name
		ADDED from src/main/AndroidManifest.xml:15:22-73
uses-permission#android.permission.INTERNET
ADDED from src/main/AndroidManifest.xml:16:5-67
	android:name
		ADDED from src/main/AndroidManifest.xml:16:22-64
uses-permission#android.permission.GET_ACCOUNTS
ADDED from src/main/AndroidManifest.xml:17:5-71
	android:name
		ADDED from src/main/AndroidManifest.xml:17:22-68
uses-permission#android.permission.USE_CREDENTIALS
ADDED from src/main/AndroidManifest.xml:18:5-74
	android:name
		ADDED from src/main/AndroidManifest.xml:18:22-71
uses-permission#android.permission.MANAGE_ACCOUNTS
ADDED from src/main/AndroidManifest.xml:19:5-74
	android:name
		ADDED from src/main/AndroidManifest.xml:19:22-71
uses-permission#android.permission.AUTHENTICATE_ACCOUNTS
ADDED from src/main/AndroidManifest.xml:20:5-80
	android:name
		ADDED from src/main/AndroidManifest.xml:20:22-77
uses-permission#com.android.launcher.permission.READ_SETTINGS
ADDED from src/main/AndroidManifest.xml:21:5-85
	android:name
		ADDED from src/main/AndroidManifest.xml:21:22-82
uses-permission#android.permission.READ_PHONE_STATE
ADDED from src/main/AndroidManifest.xml:22:5-75
	android:name
		ADDED from src/main/AndroidManifest.xml:22:22-72
uses-permission#android.permission.WRITE_EXTERNAL_STORAGE
ADDED from src/main/AndroidManifest.xml:23:5-81
	android:name
		ADDED from src/main/AndroidManifest.xml:23:22-78
uses-permission#android.permission.BROADCAST_STICKY
ADDED from src/main/AndroidManifest.xml:24:5-75
	android:name
		ADDED from src/main/AndroidManifest.xml:24:22-72
uses-permission#android.permission.WRITE_SETTINGS
ADDED from src/main/AndroidManifest.xml:25:5-73
	android:name
		ADDED from src/main/AndroidManifest.xml:25:22-70
uses-permission#android.permission.BLUETOOTH
ADDED from src/main/AndroidManifest.xml:26:5-68
	android:name
		ADDED from src/main/AndroidManifest.xml:26:22-65
uses-permission#android.permission.BLUETOOTH_ADMIN
ADDED from src/main/AndroidManifest.xml:27:5-74
	android:name
		ADDED from src/main/AndroidManifest.xml:27:22-71
permission#android.permission.BAIDU_LOCATION_SERVICE
ADDED from src/main/AndroidManifest.xml:29:5-76
	android:name
		ADDED from src/main/AndroidManifest.xml:29:17-73
uses-permission#android.permission.ACCESS_COARSE_LOCATION
ADDED from src/main/AndroidManifest.xml:31:5-81
	android:name
		ADDED from src/main/AndroidManifest.xml:31:22-78
uses-permission#android.permission.ACCESS_MOCK_LOCATION
ADDED from src/main/AndroidManifest.xml:32:5-79
	android:name
		ADDED from src/main/AndroidManifest.xml:32:22-76
uses-permission#android.permission.ACCESS_FINE_LOCATION
ADDED from src/main/AndroidManifest.xml:33:5-79
	android:name
		ADDED from src/main/AndroidManifest.xml:33:22-76
uses-permission#android.permission.WAKE_LOCK
ADDED from src/main/AndroidManifest.xml:34:5-68
	android:name
		ADDED from src/main/AndroidManifest.xml:34:22-65
uses-permission#android.permission.ACCESS_GPS
ADDED from src/main/AndroidManifest.xml:35:5-69
	android:name
		ADDED from src/main/AndroidManifest.xml:35:22-66
uses-permission#android.permission.MOUNT_UNMOUNT_FILESYSTEMS
ADDED from src/main/AndroidManifest.xml:36:5-84
	android:name
		ADDED from src/main/AndroidManifest.xml:36:22-81
application
ADDED from src/main/AndroidManifest.xml:38:5-73:19
MERGED from [com.android.support:appcompat-v7:19.1.0] AndroidManifest.xml:19:5-20
	android:label
		ADDED from src/main/AndroidManifest.xml:42:9-41
	android:allowBackup
		ADDED from src/main/AndroidManifest.xml:40:9-35
	android:icon
		ADDED from src/main/AndroidManifest.xml:41:9-45
	android:theme
		ADDED from src/main/AndroidManifest.xml:43:9-40
	android:name
		ADDED from src/main/AndroidManifest.xml:39:9-64
meta-data#com.baidu.lbsapi.API_KEY
ADDED from src/main/AndroidManifest.xml:44:9-46:56
	android:name
		ADDED from src/main/AndroidManifest.xml:45:13-52
	android:value
		ADDED from src/main/AndroidManifest.xml:46:13-53
activity#com.example.monitorcar.ui.SplashActivity
ADDED from src/main/AndroidManifest.xml:48:9-54:20
	android:name
		ADDED from src/main/AndroidManifest.xml:48:19-74
intent-filter#android.intent.action.MAIN+android.intent.category.LAUNCHER
ADDED from src/main/AndroidManifest.xml:49:13-53:29
action#android.intent.action.MAIN
ADDED from src/main/AndroidManifest.xml:50:17-69
	android:name
		ADDED from src/main/AndroidManifest.xml:50:25-66
category#android.intent.category.LAUNCHER
ADDED from src/main/AndroidManifest.xml:52:17-77
	android:name
		ADDED from src/main/AndroidManifest.xml:52:27-74
activity#com.example.monitorcar.ui.MainActivity
ADDED from src/main/AndroidManifest.xml:55:9-56:20
	android:name
		ADDED from src/main/AndroidManifest.xml:55:19-72
activity#com.example.monitorcar.ui.LoginActivity
ADDED from src/main/AndroidManifest.xml:57:9-58:20
	android:name
		ADDED from src/main/AndroidManifest.xml:57:19-73
activity#com.example.monitorcar.ui.RegisterActivity
ADDED from src/main/AndroidManifest.xml:59:9-60:20
	android:name
		ADDED from src/main/AndroidManifest.xml:59:19-76
activity#com.example.monitorcar.ui.UserDetailActivity
ADDED from src/main/AndroidManifest.xml:61:9-62:20
	android:name
		ADDED from src/main/AndroidManifest.xml:61:19-78
activity#com.example.monitorcar.ui.StaffInfoActivity
ADDED from src/main/AndroidManifest.xml:63:9-64:20
	android:name
		ADDED from src/main/AndroidManifest.xml:63:19-77
activity#com.example.monitorcar.ui.MapTraceActivity
ADDED from src/main/AndroidManifest.xml:65:9-66:20
	android:name
		ADDED from src/main/AndroidManifest.xml:65:19-76
service#com.baidu.location.f
ADDED from src/main/AndroidManifest.xml:68:9-72:19
	android:process
		ADDED from src/main/AndroidManifest.xml:71:13-38
	android:enabled
		ADDED from src/main/AndroidManifest.xml:70:13-35
	android:name
		ADDED from src/main/AndroidManifest.xml:69:13-48
android:uses-permission#android.permission.READ_EXTERNAL_STORAGE
IMPLIED from src/main/AndroidManifest.xml:2:1-75:12 reason: cn.nineoldandroids requested WRITE_EXTERNAL_STORAGE